<?xml version="1.0" encoding="UTF-8"?>
<testsuites name="jest tests" tests="8" failures="8" errors="0" time="0.672">
  <testsuite name="undefined" errors="0" failures="8" skipped="0" timestamp="2023-11-29T11:15:50" time="0.613" tests="8">
    <testcase classname=" CLI tool produces correct output with stylish format" name=" CLI tool produces correct output with stylish format" time="0.053">
      <failure>Error: Command failed: node /Users/samburtman/frontend-project-46/bin/cli.js file1.json file2.json -f stylish
file:///Users/samburtman/frontend-project-46/formatters/stylishFormatter.js:8
  const lines = data.map((item) =&gt; {
                     ^

TypeError: data.map is not a function
    at formatStylish (file:///Users/samburtman/frontend-project-46/formatters/stylishFormatter.js:8:22)
    at Command.&lt;anonymous&gt; (file:///Users/samburtman/frontend-project-46/formatters/index.js:45:20)
    at Command.listener [as _actionHandler] (/Users/samburtman/frontend-project-46/node_modules/commander/lib/command.js:494:17)
    at /Users/samburtman/frontend-project-46/node_modules/commander/lib/command.js:1296:65
    at Command._chainOrCall (/Users/samburtman/frontend-project-46/node_modules/commander/lib/command.js:1193:12)
    at Command._parseCommand (/Users/samburtman/frontend-project-46/node_modules/commander/lib/command.js:1296:27)
    at Command.parse (/Users/samburtman/frontend-project-46/node_modules/commander/lib/command.js:910:10)
    at file:///Users/samburtman/frontend-project-46/formatters/index.js:53:9
    at ModuleJob.run (node:internal/modules/esm/module_job:218:25)
    at async ModuleLoader.import (node:internal/modules/esm/loader:329:24)

Node.js v21.2.0

    at genericNodeError (node:internal/errors:956:15)
    at wrappedFn (node:internal/errors:510:14)
    at checkExecSyncError (node:child_process:890:11)
    at execSync (node:child_process:962:15)
    at Object.&lt;anonymous&gt; (/Users/samburtman/frontend-project-46/__tests__/gendiff.test.js:13:26)
    at Promise.then.completed (/Users/samburtman/frontend-project-46/node_modules/jest-circus/build/utils.js:298:28)
    at new Promise (&lt;anonymous&gt;)
    at callAsyncCircusFn (/Users/samburtman/frontend-project-46/node_modules/jest-circus/build/utils.js:231:10)
    at _callCircusTest (/Users/samburtman/frontend-project-46/node_modules/jest-circus/build/run.js:316:40)
    at processTicksAndRejections (node:internal/process/task_queues:95:5)
    at _runTest (/Users/samburtman/frontend-project-46/node_modules/jest-circus/build/run.js:252:3)
    at _runTestsForDescribeBlock (/Users/samburtman/frontend-project-46/node_modules/jest-circus/build/run.js:126:9)
    at run (/Users/samburtman/frontend-project-46/node_modules/jest-circus/build/run.js:71:3)
    at runAndTransformResultsToJestFormat (/Users/samburtman/frontend-project-46/node_modules/jest-circus/build/legacy-code-todo-rewrite/jestAdapterInit.js:122:21)
    at jestAdapter (/Users/samburtman/frontend-project-46/node_modules/jest-circus/build/legacy-code-todo-rewrite/jestAdapter.js:79:19)
    at runTestInternal (/Users/samburtman/frontend-project-46/node_modules/jest-runner/build/runTest.js:367:16)
    at runTest (/Users/samburtman/frontend-project-46/node_modules/jest-runner/build/runTest.js:444:34)</failure>
    </testcase>
    <testcase classname=" CLI entry point exists and can be invoked" name=" CLI entry point exists and can be invoked" time="0.047">
      <failure>Error: expect(1.0.0
).toContain(undefined) // indexOf

Matcher error: expected value must be a string if received value is a string

Expected has value: undefined
Received has type:  string
Received has value: &quot;1.0.0
&quot;
    at Object.toContain (/Users/samburtman/frontend-project-46/__tests__/gendiff.test.js:20:18)
    at Promise.then.completed (/Users/samburtman/frontend-project-46/node_modules/jest-circus/build/utils.js:298:28)
    at new Promise (&lt;anonymous&gt;)
    at callAsyncCircusFn (/Users/samburtman/frontend-project-46/node_modules/jest-circus/build/utils.js:231:10)
    at _callCircusTest (/Users/samburtman/frontend-project-46/node_modules/jest-circus/build/run.js:316:40)
    at processTicksAndRejections (node:internal/process/task_queues:95:5)
    at _runTest (/Users/samburtman/frontend-project-46/node_modules/jest-circus/build/run.js:252:3)
    at _runTestsForDescribeBlock (/Users/samburtman/frontend-project-46/node_modules/jest-circus/build/run.js:126:9)
    at run (/Users/samburtman/frontend-project-46/node_modules/jest-circus/build/run.js:71:3)
    at runAndTransformResultsToJestFormat (/Users/samburtman/frontend-project-46/node_modules/jest-circus/build/legacy-code-todo-rewrite/jestAdapterInit.js:122:21)
    at jestAdapter (/Users/samburtman/frontend-project-46/node_modules/jest-circus/build/legacy-code-todo-rewrite/jestAdapter.js:79:19)
    at runTestInternal (/Users/samburtman/frontend-project-46/node_modules/jest-runner/build/runTest.js:367:16)
    at runTest (/Users/samburtman/frontend-project-46/node_modules/jest-runner/build/runTest.js:444:34)</failure>
    </testcase>
    <testcase classname=" Compare flat JSON files (stylish format)" name=" Compare flat JSON files (stylish format)" time="0.033">
      <failure>Error: expect(received).toBe(expected) // Object.is equality

- Expected  -  18
+ Received  + 770

  {
-     common: {
-       setting1: Value 1
-     + setting2: 200
-     - setting3: true
-     }
-   + setting4: blah blah
-   - setting5: {
-         key5: value5
-     }
-   + setting6: {
-         doge: {
-           key: value
-         + ops: vops
-         }
-   }
- }
-
-
+   + 348: s
+   + 349: t
+   + 350: r
+   + 351: &quot;
+   + 352: 
+
+   + 353:  
+   + 354:  
+   + 355: }
+   + 356: ,
+   + 357: 
+
+   + 358:  
+   + 359:  
+   + 360: &quot;
+   + 361: g
+   + 362: r
+   + 363: o
+   + 364: u
+   + 365: p
+   + 366: 3
+   + 367: &quot;
+   + 368: :
+   + 369:  
+   + 370: {
+   + 371: 
+
+   + 372:  
+   + 373:  
+   + 374:  
+   + 375:  
+   + 376: &quot;
+   + 377: d
+   + 378: e
+   + 379: e
+   + 380: p
+   + 381: &quot;
+   + 382: :
+   + 383:  
+   + 384: {
+   + 385: 
+
+   + 386:  
+   + 387:  
+   + 388:  
+   + 389:  
+   + 390:  
+   + 391:  
+   + 392: &quot;
+   + 393: i
+   + 394: d
+   + 395: &quot;
+   + 396: :
+   + 397:  
+   + 398: {
+   + 399: 
+
+   + 400:  
+   + 401:  
+   + 402:  
+   + 403:  
+   + 404:  
+   + 405:  
+   + 406:  
+   + 407:  
+   + 408: &quot;
+   + 409: n
+   + 410: u
+   + 411: m
+   + 412: b
+   + 413: e
+   + 414: r
+   + 415: &quot;
+   + 416: :
+   + 417:  
+   + 418: 4
+   + 419: 5
+   + 420: 
+
+   + 421:  
+   + 422:  
+   + 423:  
+   + 424:  
+   + 425:  
+   + 426:  
+   + 427: }
+   + 428: 
+
+   + 429:  
+   + 430:  
+   + 431:  
+   + 432:  
+   + 433: }
+   + 434: ,
+   + 435: 
+
+   + 436:  
+   + 437:  
+   + 438:  
+   + 439:  
+   + 440: &quot;
+   + 441: f
+   + 442: e
+   + 443: e
+   + 444: &quot;
+   + 445: :
+   + 446:  
+   + 447: 1
+   + 448: 0
+   + 449: 0
+   + 450: 5
+   + 451: 0
+   + 452: 0
+   + 453: 
+
+   + 454:  
+   + 455:  
+   + 456: }
+   + 457: 
+
+   + 458: }
+   + 459: 
+
+     0: {
+     1: 
+
+     2:  
+     3:  
+     4: &quot;
+     5: c
+     6: o
+     7: m
+     8: m
+     9: o
+     10: n
+     11: &quot;
+     12: :
+     13:  
+     14: {
+     15: 
+
+     16:  
+     17:  
+     18:  
+     19:  
+     20: &quot;
+ - 21: s
+ + 21: f
+ - 22: e
+ + 22: o
+ - 23: t
+ + 23: l
+ - 24: t
+ + 24: l
+ - 25: i
+ + 25: o
+ - 26: n
+ + 26: w
+ - 27: g
+ + 27: &quot;
+ - 28: 1
+ + 28: :
+ - 29: &quot;
+ + 29:  
+ - 30: :
+ + 30: f
+ - 31:  
+ + 31: a
+ - 32: &quot;
+ + 32: l
+ - 33: V
+ + 33: s
+ - 34: a
+ + 34: e
+ - 35: l
+ + 35: ,
+ - 36: u
+ + 36: 
+
+ - 37: e
+ + 37:  
+     38:  
+ - 39: 1
+ + 39:  
+ - 40: &quot;
+ + 40:  
+ - 41: ,
+ + 41: &quot;
+ - 42: 
+
+ + 42: s
+ - 43:  
+ + 43: e
+ - 44:  
+ + 44: t
+ - 45:  
+ + 45: t
+ - 46:  
+ + 46: i
+ - 47: &quot;
+ + 47: n
+ - 48: s
+ + 48: g
+ - 49: e
+ + 49: 1
+ - 50: t
+ + 50: &quot;
+ - 51: t
+ + 51: :
+ - 52: i
+ + 52:  
+ - 53: n
+ + 53: &quot;
+ - 54: g
+ + 54: V
+ - 55: 2
+ + 55: a
+ - 56: &quot;
+ + 56: l
+ - 57: :
+ + 57: u
+ - 58:  
+ + 58: e
+ - 59: 2
+ + 59:  
+ - 60: 0
+ + 60: 1
+ - 61: 0
+ + 61: &quot;
+     62: ,
+     63: 
+
+     64:  
+     65:  
+     66:  
+     67:  
+     68: &quot;
+     69: s
+     70: e
+     71: t
+     72: t
+     73: i
+     74: n
+     75: g
+     76: 3
+     77: &quot;
+     78: :
+     79:  
+ - 80: t
+ + 80: n
+ - 81: r
+ + 81: u
+ - 82: u
+ + 82: l
+ - 83: e
+ + 83: l
+     84: ,
+     85: 
+
+     86:  
+     87:  
+     88:  
+     89:  
+     90: &quot;
+     91: s
+     92: e
+     93: t
+     94: t
+     95: i
+     96: n
+     97: g
+ - 98: 6
+ + 98: 4
+     99: &quot;
+     100: :
+     101:  
+ - 102: {
+ + 102: &quot;
+ - 103: 
+
+ + 103: b
+ - 104:  
+ + 104: l
+ - 105:  
+ + 105: a
+ - 106:  
+ + 106: h
+     107:  
+ - 108:  
+ + 108: b
+ - 109:  
+ + 109: l
+ - 110: &quot;
+ + 110: a
+ - 111: k
+ + 111: h
+ - 112: e
+ + 112: &quot;
+ - 113: y
+ + 113: ,
+ - 114: &quot;
+ + 114: 
+
+ - 115: :
+ + 115:  
+     116:  
+ - 117: &quot;
+ + 117:  
+ - 118: v
+ + 118:  
+ - 119: a
+ + 119: &quot;
+ - 120: l
+ + 120: s
+ - 121: u
+ + 121: e
+ - 122: e
+ + 122: t
+ - 123: &quot;
+ + 123: t
+ - 124: ,
+ + 124: i
+ - 125: 
+
+ + 125: n
+ - 126:  
+ + 126: g
+ - 127:  
+ + 127: 5
+ - 128:  
+ + 128: &quot;
+ - 129:  
+ + 129: :
+     130:  
+ - 131:  
+ + 131: {
+ - 132: &quot;
+ + 132: 
+
+ - 133: d
+ + 133:  
+ - 134: o
+ + 134:  
+ - 135: g
+ + 135:  
+ - 136: e
+ + 136:  
+ - 137: &quot;
+ + 137:  
+ - 138: :
+ + 138:  
+ - 139:  
+ + 139: &quot;
+ - 140: {
+ + 140: k
+ - 141: 
+
+ + 141: e
+ - 142:  
+ + 142: y
+ - 143:  
+ + 143: 5
+ - 144:  
+ + 144: &quot;
+ - 145:  
+ + 145: :
+     146:  
+ - 147:  
+ + 147: &quot;
+ - 148:  
+ + 148: v
+ - 149:  
+ + 149: a
+ - 150: &quot;
+ + 150: l
+ - 151: w
+ + 151: u
+ - 152: o
+ + 152: e
+ - 153: w
+ + 153: 5
+     154: &quot;
+ - 155: :
+ + 155: 
+
+     156:  
+ - 157: &quot;
+ + 157:  
+ - 158: &quot;
+ + 158:  
+ - 159: 
+
+ + 159:  
+ - 160:  
+ + 160: }
+ - 161:  
+ + 161: ,
+ - 162:  
+ + 162: 
+
+     163:  
+     164:  
+     165:  
+ - 166: }
+ + 166:  
+ - 167: 
+
+ + 167: &quot;
+ - 168:  
+ + 168: s
+ - 169:  
+ + 169: e
+ - 170:  
+ + 170: t
+ - 171:  
+ + 171: t
+ - 172: }
+ + 172: i
+ - 173: 
+
+ + 173: n
+ - 174:  
+ + 174: g
+ - 175:  
+ + 175: 6
+ - 176: }
+ + 176: &quot;
+ - 177: ,
+ + 177: :
+ - 178: 
+
+ + 178:  
+ - 179:  
+ + 179: {
+ - 180:  
+ + 180: 
+
+ - 181: &quot;
+ + 181:  
+ - 182: g
+ + 182:  
+ - 183: r
+ + 183:  
+ - 184: o
+ + 184:  
+ - 185: u
+ + 185:  
+ - 186: p
+ + 186:  
+ - 187: 1
+ + 187: &quot;
+ - 188: &quot;
+ + 188: k
+ - 189: :
+ + 189: e
+ - 190:  
+ + 190: y
+ - 191: {
+ + 191: &quot;
+ - 192: 
+
+ + 192: :
+     193:  
+ - 194:  
+ + 194: &quot;
+ - 195:  
+ + 195: v
+ - 196:  
+ + 196: a
+ - 197: &quot;
+ + 197: l
+ - 198: b
+ + 198: u
+ - 199: a
+ + 199: e
+ - 200: z
+ + 200: &quot;
+ - 201: &quot;
+ + 201: ,
+ - 202: :
+ + 202: 
+
+     203:  
+ - 204: &quot;
+ + 204:  
+ - 205: b
+ + 205:  
+ - 206: a
+ + 206:  
+ - 207: s
+ + 207:  
+ - 208: &quot;
+ + 208:  
+ - 209: ,
+ + 209: &quot;
+ - 210: 
+
+ + 210: o
+ - 211:  
+ + 211: p
+ - 212:  
+ + 212: s
+ - 213:  
+ + 213: &quot;
+ - 214:  
+ + 214: :
+ - 215: &quot;
+ + 215:  
+ - 216: f
+ + 216: &quot;
+ - 217: o
+ + 217: v
+     218: o
+ - 219: &quot;
+ + 219: p
+ - 220: :
+ + 220: s
+ - 221:  
+ + 221: &quot;
+ - 222: &quot;
+ + 222: ,
+ - 223: b
+ + 223: 
+
+ - 224: a
+ + 224:  
+ - 225: r
+ + 225:  
+ - 226: &quot;
+ + 226:  
+ - 227: ,
+ + 227:  
+ - 228: 
+
+ + 228:  
+     229:  
+ - 230:  
+ + 230: &quot;
+ - 231:  
+ + 231: d
+ - 232:  
+ + 232: o
+ - 233: &quot;
+ + 233: g
+ - 234: n
+ + 234: e
+ - 235: e
+ + 235: &quot;
+ - 236: s
+ + 236: :
+ - 237: t
+ + 237:  
+ - 238: &quot;
+ + 238: {
+ - 239: :
+ + 239: 
+
+     240:  
+ - 241: {
+ + 241:  
+ - 242: 
+
+ + 242:  
+     243:  
+     244:  
+     245:  
+     246:  
+     247:  
+ - 248:  
+ + 248: &quot;
+ - 249: &quot;
+ + 249: w
+ - 250: k
+ + 250: o
+ - 251: e
+ + 251: w
+ - 252: y
+ + 252: &quot;
+ - 253: &quot;
+ + 253: :
+ - 254: :
+ + 254:  
+ - 255:  
+ + 255: &quot;
+ - 256: &quot;
+ + 256: s
+ - 257: v
+ + 257: o
+ - 258: a
+ + 258:  
+ - 259: l
+ + 259: m
+     260: u
+ - 261: e
+ + 261: c
+ - 262: &quot;
+ + 262: h
+ - 263: 
+
+ + 263: &quot;
+ - 264:  
+ + 264: 
+
+     265:  
+     266:  
+     267:  
+ - 268: }
+ + 268:  
+ - 269: 
+
+ + 269:  
+     270:  
+ - 271:  
+ + 271: }
+ - 272: }
+ + 272: 
+
+ - 273: ,
+ + 273:  
+ - 274: 
+
+ + 274:  
+     275:  
+     276:  
+ - 277: &quot;
+ + 277: }
+ - 278: g
+ + 278: 
+
+ - 279: r
+ + 279:  
+ - 280: o
+ + 280:  
+ - 281: u
+ + 281: }
+ - 282: p
+ + 282: ,
+ - 283: 2
+ + 283: 
+
+ - 284: &quot;
+ + 284:  
+ - 285: :
+ + 285:  
+ - 286:  
+ + 286: &quot;
+ - 287: {
+ + 287: g
+ - 288: 
+
+ + 288: r
+ - 289:  
+ + 289: o
+ - 290:  
+ + 290: u
+ - 291:  
+ + 291: p
+ - 292:  
+ + 292: 1
+     293: &quot;
+ - 294: a
+ + 294: :
+ - 295: b
+ + 295:  
+ - 296: c
+ + 296: {
+ - 297: &quot;
+ + 297: 
+
+ - 298: :
+ + 298:  
+     299:  
+ - 300: 1
+ + 300:  
+ - 301: 2
+ + 301:  
+ - 302: 3
+ + 302: &quot;
+ - 303: 4
+ + 303: f
+ - 304: 5
+ + 304: o
+ - 305: ,
+ + 305: o
+ - 306: 
+
+ + 306: &quot;
+ - 307:  
+ + 307: :
+     308:  
+ - 309:  
+ + 309: &quot;
+ - 310:  
+ + 310: b
+ - 311: &quot;
+ + 311: a
+ - 312: d
+ + 312: r
+ - 313: e
+ + 313: &quot;
+ - 314: e
+ + 314: ,
+ - 315: p
+ + 315: 
+
+ - 316: &quot;
+ + 316:  
+ - 317: :
+ + 317:  
+     318:  
+ - 319: {
+ + 319:  
+ - 320: 
+
+ + 320: &quot;
+ - 321:  
+ + 321: b
+ - 322:  
+ + 322: a
+ - 323:  
+ + 323: z
+ - 324:  
+ + 324: &quot;
+ - 325:  
+ + 325: :
+     326:  
+     327: &quot;
+ - 328: i
+ + 328: b
+ - 329: d
+ + 329: a
+ - 330: &quot;
+ + 330: r
+ - 331: :
+ + 331: s
+ - 332:  
+ + 332: &quot;
+ - 333: 4
+ + 333: ,
+ - 334: 5
+ + 334: 
+
+ - 335: 
+
+ + 335:  
+     336:  
+     337:  
+     338:  
+ - 339:  
+ + 339: &quot;
+ - 340: }
+ + 340: n
+ - 341: 
+
+ + 341: e
+ - 342:  
+ + 342: s
+ - 343:  
+ + 343: t
+ - 344: }
+ + 344: &quot;
+ - 345: 
+
+ + 345: :
+ - 346: }
+ + 346:  
+ - 347: 
+
+ + 347: &quot;
+ }
    at toBe (/Users/samburtman/frontend-project-46/__tests__/gendiff.test.js:28:16)
    at call (/Users/samburtman/frontend-project-46/__tests__/gendiff.test.js:2:1)
    at Generator.tryCatch (/Users/samburtman/frontend-project-46/__tests__/gendiff.test.js:2:1)
    at Generator._invoke [as next] (/Users/samburtman/frontend-project-46/__tests__/gendiff.test.js:2:1)
    at asyncGeneratorStep (/Users/samburtman/frontend-project-46/__tests__/gendiff.test.js:2:1)
    at asyncGeneratorStep (/Users/samburtman/frontend-project-46/__tests__/gendiff.test.js:2:1)
    at processTicksAndRejections (node:internal/process/task_queues:95:5)</failure>
    </testcase>
    <testcase classname=" Compare flat JSON files (plain format)" name=" Compare flat JSON files (plain format)" time="0.048">
      <failure>Error: expect(received).toBe(expected) // Object.is equality

- Expected  -   6
+ Received  + 769

- Property &apos;common.setting1&apos; was updated. From &apos;Value 1&apos; to &apos;value1&apos;
- Property &apos;common.setting2&apos; was added with value: 200
- Property &apos;common.setting3&apos; was removed
- Property &apos;common.setting5&apos; was removed
- Property &apos;common.setting4&apos; was added with value: &apos;blah blah&apos;
- Property &apos;common.setting6.doge.ops&apos; was added with value: &apos;vops&apos;
+ {
+   + 348: s
+   + 349: t
+   + 350: r
+   + 351: &quot;
+   + 352: 
+
+   + 353:  
+   + 354:  
+   + 355: }
+   + 356: ,
+   + 357: 
+
+   + 358:  
+   + 359:  
+   + 360: &quot;
+   + 361: g
+   + 362: r
+   + 363: o
+   + 364: u
+   + 365: p
+   + 366: 3
+   + 367: &quot;
+   + 368: :
+   + 369:  
+   + 370: {
+   + 371: 
+
+   + 372:  
+   + 373:  
+   + 374:  
+   + 375:  
+   + 376: &quot;
+   + 377: d
+   + 378: e
+   + 379: e
+   + 380: p
+   + 381: &quot;
+   + 382: :
+   + 383:  
+   + 384: {
+   + 385: 
+
+   + 386:  
+   + 387:  
+   + 388:  
+   + 389:  
+   + 390:  
+   + 391:  
+   + 392: &quot;
+   + 393: i
+   + 394: d
+   + 395: &quot;
+   + 396: :
+   + 397:  
+   + 398: {
+   + 399: 
+
+   + 400:  
+   + 401:  
+   + 402:  
+   + 403:  
+   + 404:  
+   + 405:  
+   + 406:  
+   + 407:  
+   + 408: &quot;
+   + 409: n
+   + 410: u
+   + 411: m
+   + 412: b
+   + 413: e
+   + 414: r
+   + 415: &quot;
+   + 416: :
+   + 417:  
+   + 418: 4
+   + 419: 5
+   + 420: 
+
+   + 421:  
+   + 422:  
+   + 423:  
+   + 424:  
+   + 425:  
+   + 426:  
+   + 427: }
+   + 428: 
+
+   + 429:  
+   + 430:  
+   + 431:  
+   + 432:  
+   + 433: }
+   + 434: ,
+   + 435: 
+
+   + 436:  
+   + 437:  
+   + 438:  
+   + 439:  
+   + 440: &quot;
+   + 441: f
+   + 442: e
+   + 443: e
+   + 444: &quot;
+   + 445: :
+   + 446:  
+   + 447: 1
+   + 448: 0
+   + 449: 0
+   + 450: 5
+   + 451: 0
+   + 452: 0
+   + 453: 
+
+   + 454:  
+   + 455:  
+   + 456: }
+   + 457: 
+
+   + 458: }
+   + 459: 
+
+     0: {
+     1: 
+
+     2:  
+     3:  
+     4: &quot;
+     5: c
+     6: o
+     7: m
+     8: m
+     9: o
+     10: n
+     11: &quot;
+     12: :
+     13:  
+     14: {
+     15: 
+
+     16:  
+     17:  
+     18:  
+     19:  
+     20: &quot;
+ - 21: s
+ + 21: f
+ - 22: e
+ + 22: o
+ - 23: t
+ + 23: l
+ - 24: t
+ + 24: l
+ - 25: i
+ + 25: o
+ - 26: n
+ + 26: w
+ - 27: g
+ + 27: &quot;
+ - 28: 1
+ + 28: :
+ - 29: &quot;
+ + 29:  
+ - 30: :
+ + 30: f
+ - 31:  
+ + 31: a
+ - 32: &quot;
+ + 32: l
+ - 33: V
+ + 33: s
+ - 34: a
+ + 34: e
+ - 35: l
+ + 35: ,
+ - 36: u
+ + 36: 
+
+ - 37: e
+ + 37:  
+     38:  
+ - 39: 1
+ + 39:  
+ - 40: &quot;
+ + 40:  
+ - 41: ,
+ + 41: &quot;
+ - 42: 
+
+ + 42: s
+ - 43:  
+ + 43: e
+ - 44:  
+ + 44: t
+ - 45:  
+ + 45: t
+ - 46:  
+ + 46: i
+ - 47: &quot;
+ + 47: n
+ - 48: s
+ + 48: g
+ - 49: e
+ + 49: 1
+ - 50: t
+ + 50: &quot;
+ - 51: t
+ + 51: :
+ - 52: i
+ + 52:  
+ - 53: n
+ + 53: &quot;
+ - 54: g
+ + 54: V
+ - 55: 2
+ + 55: a
+ - 56: &quot;
+ + 56: l
+ - 57: :
+ + 57: u
+ - 58:  
+ + 58: e
+ - 59: 2
+ + 59:  
+ - 60: 0
+ + 60: 1
+ - 61: 0
+ + 61: &quot;
+     62: ,
+     63: 
+
+     64:  
+     65:  
+     66:  
+     67:  
+     68: &quot;
+     69: s
+     70: e
+     71: t
+     72: t
+     73: i
+     74: n
+     75: g
+     76: 3
+     77: &quot;
+     78: :
+     79:  
+ - 80: t
+ + 80: n
+ - 81: r
+ + 81: u
+ - 82: u
+ + 82: l
+ - 83: e
+ + 83: l
+     84: ,
+     85: 
+
+     86:  
+     87:  
+     88:  
+     89:  
+     90: &quot;
+     91: s
+     92: e
+     93: t
+     94: t
+     95: i
+     96: n
+     97: g
+ - 98: 6
+ + 98: 4
+     99: &quot;
+     100: :
+     101:  
+ - 102: {
+ + 102: &quot;
+ - 103: 
+
+ + 103: b
+ - 104:  
+ + 104: l
+ - 105:  
+ + 105: a
+ - 106:  
+ + 106: h
+     107:  
+ - 108:  
+ + 108: b
+ - 109:  
+ + 109: l
+ - 110: &quot;
+ + 110: a
+ - 111: k
+ + 111: h
+ - 112: e
+ + 112: &quot;
+ - 113: y
+ + 113: ,
+ - 114: &quot;
+ + 114: 
+
+ - 115: :
+ + 115:  
+     116:  
+ - 117: &quot;
+ + 117:  
+ - 118: v
+ + 118:  
+ - 119: a
+ + 119: &quot;
+ - 120: l
+ + 120: s
+ - 121: u
+ + 121: e
+ - 122: e
+ + 122: t
+ - 123: &quot;
+ + 123: t
+ - 124: ,
+ + 124: i
+ - 125: 
+
+ + 125: n
+ - 126:  
+ + 126: g
+ - 127:  
+ + 127: 5
+ - 128:  
+ + 128: &quot;
+ - 129:  
+ + 129: :
+     130:  
+ - 131:  
+ + 131: {
+ - 132: &quot;
+ + 132: 
+
+ - 133: d
+ + 133:  
+ - 134: o
+ + 134:  
+ - 135: g
+ + 135:  
+ - 136: e
+ + 136:  
+ - 137: &quot;
+ + 137:  
+ - 138: :
+ + 138:  
+ - 139:  
+ + 139: &quot;
+ - 140: {
+ + 140: k
+ - 141: 
+
+ + 141: e
+ - 142:  
+ + 142: y
+ - 143:  
+ + 143: 5
+ - 144:  
+ + 144: &quot;
+ - 145:  
+ + 145: :
+     146:  
+ - 147:  
+ + 147: &quot;
+ - 148:  
+ + 148: v
+ - 149:  
+ + 149: a
+ - 150: &quot;
+ + 150: l
+ - 151: w
+ + 151: u
+ - 152: o
+ + 152: e
+ - 153: w
+ + 153: 5
+     154: &quot;
+ - 155: :
+ + 155: 
+
+     156:  
+ - 157: &quot;
+ + 157:  
+ - 158: &quot;
+ + 158:  
+ - 159: 
+
+ + 159:  
+ - 160:  
+ + 160: }
+ - 161:  
+ + 161: ,
+ - 162:  
+ + 162: 
+
+     163:  
+     164:  
+     165:  
+ - 166: }
+ + 166:  
+ - 167: 
+
+ + 167: &quot;
+ - 168:  
+ + 168: s
+ - 169:  
+ + 169: e
+ - 170:  
+ + 170: t
+ - 171:  
+ + 171: t
+ - 172: }
+ + 172: i
+ - 173: 
+
+ + 173: n
+ - 174:  
+ + 174: g
+ - 175:  
+ + 175: 6
+ - 176: }
+ + 176: &quot;
+ - 177: ,
+ + 177: :
+ - 178: 
+
+ + 178:  
+ - 179:  
+ + 179: {
+ - 180:  
+ + 180: 
+
+ - 181: &quot;
+ + 181:  
+ - 182: g
+ + 182:  
+ - 183: r
+ + 183:  
+ - 184: o
+ + 184:  
+ - 185: u
+ + 185:  
+ - 186: p
+ + 186:  
+ - 187: 1
+ + 187: &quot;
+ - 188: &quot;
+ + 188: k
+ - 189: :
+ + 189: e
+ - 190:  
+ + 190: y
+ - 191: {
+ + 191: &quot;
+ - 192: 
+
+ + 192: :
+     193:  
+ - 194:  
+ + 194: &quot;
+ - 195:  
+ + 195: v
+ - 196:  
+ + 196: a
+ - 197: &quot;
+ + 197: l
+ - 198: b
+ + 198: u
+ - 199: a
+ + 199: e
+ - 200: z
+ + 200: &quot;
+ - 201: &quot;
+ + 201: ,
+ - 202: :
+ + 202: 
+
+     203:  
+ - 204: &quot;
+ + 204:  
+ - 205: b
+ + 205:  
+ - 206: a
+ + 206:  
+ - 207: s
+ + 207:  
+ - 208: &quot;
+ + 208:  
+ - 209: ,
+ + 209: &quot;
+ - 210: 
+
+ + 210: o
+ - 211:  
+ + 211: p
+ - 212:  
+ + 212: s
+ - 213:  
+ + 213: &quot;
+ - 214:  
+ + 214: :
+ - 215: &quot;
+ + 215:  
+ - 216: f
+ + 216: &quot;
+ - 217: o
+ + 217: v
+     218: o
+ - 219: &quot;
+ + 219: p
+ - 220: :
+ + 220: s
+ - 221:  
+ + 221: &quot;
+ - 222: &quot;
+ + 222: ,
+ - 223: b
+ + 223: 
+
+ - 224: a
+ + 224:  
+ - 225: r
+ + 225:  
+ - 226: &quot;
+ + 226:  
+ - 227: ,
+ + 227:  
+ - 228: 
+
+ + 228:  
+     229:  
+ - 230:  
+ + 230: &quot;
+ - 231:  
+ + 231: d
+ - 232:  
+ + 232: o
+ - 233: &quot;
+ + 233: g
+ - 234: n
+ + 234: e
+ - 235: e
+ + 235: &quot;
+ - 236: s
+ + 236: :
+ - 237: t
+ + 237:  
+ - 238: &quot;
+ + 238: {
+ - 239: :
+ + 239: 
+
+     240:  
+ - 241: {
+ + 241:  
+ - 242: 
+
+ + 242:  
+     243:  
+     244:  
+     245:  
+     246:  
+     247:  
+ - 248:  
+ + 248: &quot;
+ - 249: &quot;
+ + 249: w
+ - 250: k
+ + 250: o
+ - 251: e
+ + 251: w
+ - 252: y
+ + 252: &quot;
+ - 253: &quot;
+ + 253: :
+ - 254: :
+ + 254:  
+ - 255:  
+ + 255: &quot;
+ - 256: &quot;
+ + 256: s
+ - 257: v
+ + 257: o
+ - 258: a
+ + 258:  
+ - 259: l
+ + 259: m
+     260: u
+ - 261: e
+ + 261: c
+ - 262: &quot;
+ + 262: h
+ - 263: 
+
+ + 263: &quot;
+ - 264:  
+ + 264: 
+
+     265:  
+     266:  
+     267:  
+ - 268: }
+ + 268:  
+ - 269: 
+
+ + 269:  
+     270:  
+ - 271:  
+ + 271: }
+ - 272: }
+ + 272: 
+
+ - 273: ,
+ + 273:  
+ - 274: 
+
+ + 274:  
+     275:  
+     276:  
+ - 277: &quot;
+ + 277: }
+ - 278: g
+ + 278: 
+
+ - 279: r
+ + 279:  
+ - 280: o
+ + 280:  
+ - 281: u
+ + 281: }
+ - 282: p
+ + 282: ,
+ - 283: 2
+ + 283: 
+
+ - 284: &quot;
+ + 284:  
+ - 285: :
+ + 285:  
+ - 286:  
+ + 286: &quot;
+ - 287: {
+ + 287: g
+ - 288: 
+
+ + 288: r
+ - 289:  
+ + 289: o
+ - 290:  
+ + 290: u
+ - 291:  
+ + 291: p
+ - 292:  
+ + 292: 1
+     293: &quot;
+ - 294: a
+ + 294: :
+ - 295: b
+ + 295:  
+ - 296: c
+ + 296: {
+ - 297: &quot;
+ + 297: 
+
+ - 298: :
+ + 298:  
+     299:  
+ - 300: 1
+ + 300:  
+ - 301: 2
+ + 301:  
+ - 302: 3
+ + 302: &quot;
+ - 303: 4
+ + 303: f
+ - 304: 5
+ + 304: o
+ - 305: ,
+ + 305: o
+ - 306: 
+
+ + 306: &quot;
+ - 307:  
+ + 307: :
+     308:  
+ - 309:  
+ + 309: &quot;
+ - 310:  
+ + 310: b
+ - 311: &quot;
+ + 311: a
+ - 312: d
+ + 312: r
+ - 313: e
+ + 313: &quot;
+ - 314: e
+ + 314: ,
+ - 315: p
+ + 315: 
+
+ - 316: &quot;
+ + 316:  
+ - 317: :
+ + 317:  
+     318:  
+ - 319: {
+ + 319:  
+ - 320: 
+
+ + 320: &quot;
+ - 321:  
+ + 321: b
+ - 322:  
+ + 322: a
+ - 323:  
+ + 323: z
+ - 324:  
+ + 324: &quot;
+ - 325:  
+ + 325: :
+     326:  
+     327: &quot;
+ - 328: i
+ + 328: b
+ - 329: d
+ + 329: a
+ - 330: &quot;
+ + 330: r
+ - 331: :
+ + 331: s
+ - 332:  
+ + 332: &quot;
+ - 333: 4
+ + 333: ,
+ - 334: 5
+ + 334: 

+ - 335: 

+ + 335:  
+     336:  
+     337:  
+     338:  
+ - 339:  
+ + 339: &quot;
+ - 340: }
+ + 340: n
+ - 341: 
+
+ + 341: e
+ - 342:  
+ + 342: s
+ - 343:  
+ + 343: t
+ - 344: }
+ + 344: &quot;
+ - 345: 
+
+ + 345: :
+ - 346: }
+ + 346:  
+ - 347: 
+
+ + 347: &quot;
+ }
    at toBe (/Users/samburtman/frontend-project-46/__tests__/gendiff.test.js:36:16)
    at call (/Users/samburtman/frontend-project-46/__tests__/gendiff.test.js:2:1)
    at Generator.tryCatch (/Users/samburtman/frontend-project-46/__tests__/gendiff.test.js:2:1)
    at Generator._invoke [as next] (/Users/samburtman/frontend-project-46/__tests__/gendiff.test.js:2:1)
    at asyncGeneratorStep (/Users/samburtman/frontend-project-46/__tests__/gendiff.test.js:2:1)
    at asyncGeneratorStep (/Users/samburtman/frontend-project-46/__tests__/gendiff.test.js:2:1)
    at processTicksAndRejections (node:internal/process/task_queues:95:5)</failure>
    </testcase>
    <testcase classname=" Compare flat JSON (json format)" name=" Compare flat JSON (json format)" time="0.002">
      <failure>Error: expect(received).toEqual(expected) // deep equality

Expected: {&quot;common&quot;: {&quot;setting1&quot;: {&quot;type&quot;: &quot;updated&quot;, &quot;value&quot;: {&quot;newValue&quot;: &quot;value1&quot;, &quot;oldValue&quot;: &quot;Value 1&quot;}}, &quot;setting2&quot;: {&quot;type&quot;: &quot;added&quot;, &quot;value&quot;: 200}, &quot;setting3&quot;: {&quot;type&quot;: &quot;removed&quot;, &quot;value&quot;: &quot;complexValue&quot;}, &quot;setting4&quot;: {&quot;type&quot;: &quot;added&quot;, &quot;value&quot;: &quot;blah blah&quot;}, &quot;setting5&quot;: {&quot;type&quot;: &quot;removed&quot;, &quot;value&quot;: {&quot;key&quot;: &quot;value&quot;}}, &quot;setting6&quot;: {&quot;children&quot;: {&quot;doge&quot;: {&quot;type&quot;: &quot;added&quot;, &quot;value&quot;: {&quot;ops&quot;: &quot;vops&quot;}}, &quot;key&quot;: {&quot;type&quot;: &quot;unchanged&quot;, &quot;value&quot;: &quot;value&quot;}}, &quot;type&quot;: &quot;nested&quot;}}}
Received: &quot;{
  + 348: s
  + 349: t
  + 350: r
  + 351: \&quot;
  + 352:··
  + 353:··
  + 354:··
  + 355: }
  + 356: ,
  + 357:··
  + 358:··
  + 359:··
  + 360: \&quot;
  + 361: g
  + 362: r
  + 363: o
  + 364: u
  + 365: p
  + 366: 3
  + 367: \&quot;
  + 368: :
  + 369:··
  + 370: {
  + 371:··
  + 372:··
  + 373:··
  + 374:··
  + 375:··
  + 376: \&quot;
  + 377: d
  + 378: e
  + 379: e
  + 380: p
  + 381: \&quot;
  + 382: :
  + 383:··
  + 384: {
  + 385:··
  + 386:··
  + 387:··
  + 388:··
  + 389:··
  + 390:··
  + 391:··
  + 392: \&quot;
  + 393: i
  + 394: d
  + 395: \&quot;
  + 396: :
  + 397:··
  + 398: {
  + 399:··
  + 400:··
  + 401:··
  + 402:··
  + 403:··
  + 404:··
  + 405:··
  + 406:··
  + 407:··
  + 408: \&quot;
  + 409: n
  + 410: u
  + 411: m
  + 412: b
  + 413: e
  + 414: r
  + 415: \&quot;
  + 416: :
  + 417:··
  + 418: 4
  + 419: 5
  + 420:··
  + 421:··
  + 422:··
  + 423:··
  + 424:··
  + 425:··
  + 426:··
  + 427: }
  + 428:··
  + 429:··
  + 430:··
  + 431:··
  + 432:··
  + 433: }
  + 434: ,
  + 435:··
  + 436:··
  + 437:··
  + 438:··
  + 439:··
  + 440: \&quot;
  + 441: f
  + 442: e
  + 443: e
  + 444: \&quot;
  + 445: :
  + 446:··
  + 447: 1
  + 448: 0
  + 449: 0
  + 450: 5
  + 451: 0
  + 452: 0
  + 453:··
  + 454:··
  + 455:··
  + 456: }
  + 457:··
  + 458: }
  + 459:··
    0: {
    1:··
    2:··
    3:··
    4: \&quot;
    5: c
    6: o
    7: m
    8: m
    9: o
    10: n
    11: \&quot;
    12: :
    13:··
    14: {
    15:··
    16:··
    17:··
    18:··
    19:··
    20: \&quot;
- 21: s
+ 21: f
- 22: e
+ 22: o
- 23: t
+ 23: l
- 24: t
+ 24: l
- 25: i
+ 25: o
- 26: n
+ 26: w
- 27: g
+ 27: \&quot;
- 28: 1
+ 28: :
- 29: \&quot;
+ 29:··
- 30: :
+ 30: f
- 31:··
+ 31: a
- 32: \&quot;
+ 32: l
- 33: V
+ 33: s
- 34: a
+ 34: e
- 35: l
+ 35: ,
- 36: u
+ 36:··
- 37: e
+ 37:··
    38:··
- 39: 1
+ 39:··
- 40: \&quot;
+ 40:··
- 41: ,
+ 41: \&quot;
- 42:··
+ 42: s
- 43:··
+ 43: e
- 44:··
+ 44: t
- 45:··
+ 45: t
- 46:··
+ 46: i
- 47: \&quot;
+ 47: n
- 48: s
+ 48: g
- 49: e
+ 49: 1
- 50: t
+ 50: \&quot;
- 51: t
+ 51: :
- 52: i
+ 52:··
- 53: n
+ 53: \&quot;
- 54: g
+ 54: V
- 55: 2
+ 55: a
- 56: \&quot;
+ 56: l
- 57: :
+ 57: u
- 58:··
+ 58: e
- 59: 2
+ 59:··
- 60: 0
+ 60: 1
- 61: 0
+ 61: \&quot;
    62: ,
    63:··
    64:··
    65:··
    66:··
    67:··
    68: \&quot;
    69: s
    70: e
    71: t
    72: t
    73: i
    74: n
    75: g
    76: 3
    77: \&quot;
    78: :
    79:··
- 80: t
+ 80: n
- 81: r
+ 81: u
- 82: u
+ 82: l
- 83: e
+ 83: l
    84: ,
    85:··
    86:··
    87:··
    88:··
    89:··
    90: \&quot;
    91: s
    92: e
    93: t
    94: t
    95: i
    96: n
    97: g
- 98: 6
+ 98: 4
    99: \&quot;
    100: :
    101:··
- 102: {
+ 102: \&quot;
- 103:··
+ 103: b
- 104:··
+ 104: l
- 105:··
+ 105: a
- 106:··
+ 106: h
    107:··
- 108:··
+ 108: b
- 109:··
+ 109: l
- 110: \&quot;
+ 110: a
- 111: k
+ 111: h
- 112: e
+ 112: \&quot;
- 113: y
+ 113: ,
- 114: \&quot;
+ 114:··
- 115: :
+ 115:··
    116:··
- 117: \&quot;
+ 117:··
- 118: v
+ 118:··
- 119: a
+ 119: \&quot;
- 120: l
+ 120: s
- 121: u
+ 121: e
- 122: e
+ 122: t
- 123: \&quot;
+ 123: t
- 124: ,
+ 124: i
- 125:··
+ 125: n
- 126:··
+ 126: g
- 127:··
+ 127: 5
- 128:··
+ 128: \&quot;
- 129:··
+ 129: :
    130:··
- 131:··
+ 131: {
- 132: \&quot;
+ 132:··
- 133: d
+ 133:··
- 134: o
+ 134:··
- 135: g
+ 135:··
- 136: e
+ 136:··
- 137: \&quot;
+ 137:··
- 138: :
+ 138:··
- 139:··
+ 139: \&quot;
- 140: {
+ 140: k
- 141:··
+ 141: e
- 142:··
+ 142: y
- 143:··
+ 143: 5
- 144:··
+ 144: \&quot;
- 145:··
+ 145: :
    146:··
- 147:··
+ 147: \&quot;
- 148:··
+ 148: v
- 149:··
+ 149: a
- 150: \&quot;
+ 150: l
- 151: w
+ 151: u
- 152: o
+ 152: e
- 153: w
+ 153: 5
    154: \&quot;
- 155: :
+ 155:··
    156:··
- 157: \&quot;
+ 157:··
- 158: \&quot;
+ 158:··
- 159:··
+ 159:··
- 160:··
+ 160: }
- 161:··
+ 161: ,
- 162:··
+ 162:··
    163:··
    164:··
    165:··
- 166: }
+ 166:··
- 167:··
+ 167: \&quot;
- 168:··
+ 168: s
- 169:··
+ 169: e
- 170:··
+ 170: t
- 171:··
+ 171: t
- 172: }
+ 172: i
- 173:··
+ 173: n
- 174:··
+ 174: g
- 175:··
+ 175: 6
- 176: }
+ 176: \&quot;
- 177: ,
+ 177: :
- 178:··
+ 178:··
- 179:··
+ 179: {
- 180:··
+ 180:··
- 181: \&quot;
+ 181:··
- 182: g
+ 182:··
- 183: r
+ 183:··
- 184: o
+ 184:··
- 185: u
+ 185:··
- 186: p
+ 186:··
- 187: 1
+ 187: \&quot;
- 188: \&quot;
+ 188: k
- 189: :
+ 189: e
- 190:··
+ 190: y
- 191: {
+ 191: \&quot;
- 192:··
+ 192: :
    193:··
- 194:··
+ 194: \&quot;
- 195:··
+ 195: v
- 196:··
+ 196: a
- 197: \&quot;
+ 197: l
- 198: b
+ 198: u
- 199: a
+ 199: e
- 200: z
+ 200: \&quot;
- 201: \&quot;
+ 201: ,
- 202: :
+ 202:··
    203:··
- 204: \&quot;
+ 204:··
- 205: b
+ 205:··
- 206: a
+ 206:··
- 207: s
+ 207:··
- 208: \&quot;
+ 208:··
- 209: ,
+ 209: \&quot;
- 210:··
+ 210: o
- 211:··
+ 211: p
- 212:··
+ 212: s
- 213:··
+ 213: \&quot;
- 214:··
+ 214: :
- 215: \&quot;
+ 215:··
- 216: f
+ 216: \&quot;
- 217: o
+ 217: v
    218: o
- 219: \&quot;
+ 219: p
- 220: :
+ 220: s
- 221:··
+ 221: \&quot;
- 222: \&quot;
+ 222: ,
- 223: b
+ 223:··
- 224: a
+ 224:··
- 225: r
+ 225:··
- 226: \&quot;
+ 226:··
- 227: ,
+ 227:··
- 228:··
+ 228:··
    229:··
- 230:··
+ 230: \&quot;
- 231:··
+ 231: d
- 232:··
+ 232: o
- 233: \&quot;
+ 233: g
- 234: n
+ 234: e
- 235: e
+ 235: \&quot;
- 236: s
+ 236: :
- 237: t
+ 237:··
- 238: \&quot;
+ 238: {
- 239: :
+ 239:··
    240:··
- 241: {
+ 241:··
- 242:··
+ 242:··
    243:··
    244:··
    245:··
    246:··
    247:··
- 248:··
+ 248: \&quot;
- 249: \&quot;
+ 249: w
- 250: k
+ 250: o
- 251: e
+ 251: w
- 252: y
+ 252: \&quot;
- 253: \&quot;
+ 253: :
- 254: :
+ 254:··
- 255:··
+ 255: \&quot;
- 256: \&quot;
+ 256: s
- 257: v
+ 257: o
- 258: a
+ 258:··
- 259: l
+ 259: m
    260: u
- 261: e
+ 261: c
- 262: \&quot;
+ 262: h
- 263:··
+ 263: \&quot;
- 264:··
+ 264:··
    265:··
    266:··
    267:··
- 268: }
+ 268:··
- 269:··
+ 269:··
    270:··
- 271:··
+ 271: }
- 272: }
+ 272:··
- 273: ,
+ 273:··
- 274:··
+ 274:··
    275:··
    276:··
- 277: \&quot;
+ 277: }
- 278: g
+ 278:··
- 279: r
+ 279:··
- 280: o
+ 280:··
- 281: u
+ 281: }
- 282: p
+ 282: ,
- 283: 2
+ 283:··
- 284: \&quot;
+ 284:··
- 285: :
+ 285:··
- 286:··
+ 286: \&quot;
- 287: {
+ 287: g
- 288:··
+ 288: r
- 289:··
+ 289: o
- 290:··
+ 290: u
- 291:··
+ 291: p
- 292:··
+ 292: 1
    293: \&quot;
- 294: a
+ 294: :
- 295: b
+ 295:··
- 296: c
+ 296: {
- 297: \&quot;
+ 297:··
- 298: :
+ 298:··
    299:··
- 300: 1
+ 300:··
- 301: 2
+ 301:··
- 302: 3
+ 302: \&quot;
- 303: 4
+ 303: f
- 304: 5
+ 304: o
- 305: ,
+ 305: o
- 306:··
+ 306: \&quot;
- 307:··
+ 307: :
    308:··
- 309:··
+ 309: \&quot;
- 310:··
+ 310: b
- 311: \&quot;
+ 311: a
- 312: d
+ 312: r
- 313: e
+ 313: \&quot;
- 314: e
+ 314: ,
- 315: p
+ 315:··
- 316: \&quot;
+ 316:··
- 317: :
+ 317:··
    318:··
- 319: {
+ 319:··
- 320:··
+ 320: \&quot;
- 321:··
+ 321: b
- 322:··
+ 322: a
- 323:··
+ 323: z
- 324:··
+ 324: \&quot;
- 325:··
+ 325: :
    326:··
    327: \&quot;
- 328: i
+ 328: b
- 329: d
+ 329: a
- 330: \&quot;
+ 330: r
- 331: :
+ 331: s
- 332:··
+ 332: \&quot;
- 333: 4
+ 333: ,
- 334: 5
+ 334:··
- 335:··
+ 335:··
    336:··
    337:··
    338:··
- 339:··
+ 339: \&quot;
- 340: }
+ 340: n
- 341:··
+ 341: e
- 342:··
+ 342: s
- 343:··
+ 343: t
- 344: }
+ 344: \&quot;
- 345:··
+ 345: :
- 346: }
+ 346:··
- 347:··
+ 347: \&quot;
}&quot;
    at toEqual (/Users/samburtman/frontend-project-46/__tests__/gendiff.test.js:44:16)
    at call (/Users/samburtman/frontend-project-46/__tests__/gendiff.test.js:2:1)
    at Generator.tryCatch (/Users/samburtman/frontend-project-46/__tests__/gendiff.test.js:2:1)
    at Generator._invoke [as next] (/Users/samburtman/frontend-project-46/__tests__/gendiff.test.js:2:1)
    at asyncGeneratorStep (/Users/samburtman/frontend-project-46/__tests__/gendiff.test.js:2:1)
    at asyncGeneratorStep (/Users/samburtman/frontend-project-46/__tests__/gendiff.test.js:2:1)
    at processTicksAndRejections (node:internal/process/task_queues:95:5)</failure>
    </testcase>
    <testcase classname=" Compare flat YAML files (stylish format)" name=" Compare flat YAML files (stylish format)" time="0.006">
      <failure>Error: expect(received).toBe(expected) // Object.is equality

- Expected  - 18
+ Received  + 98

  {
-     common: {
-       setting1: Value 1
-     + setting2: 200
-     - setting3: true
-     }
-   + setting4: blah blah
-   - setting5: {
+   - 27: i
+   - 28: o
+   - 29: 
+
+   - 30: p
+   - 31: r
+   - 32: o
+   - 33: x
+   - 34: y
+   - 35: :
+   - 36:  
+   - 37: 1
+   - 38: 2
+   - 39: 3
+   - 40: .
+   - 41: 2
+   - 42: 3
+   - 43: 4
+   - 44: .
+   - 45: 5
+   - 46: 3
+   - 47: .
+   - 48: 2
+   - 49: 2
+   - 50: 
+
+   - 51: t
+   - 52: i
-         key5: value5
-     }
-   + setting6: {
-         doge: {
-           key: value
-         + ops: vops
-         }
-   }
- }
-
-
+   - 53: m
+   - 54: e
+   - 55: o
+   - 56: u
+   - 57: t
+   - 58: :
+   - 59:  
+   - 60: 5
+   - 61: 0
+   - 62: 
+
+   - 63: 
+
+ - 0: f
+ + 0: t
+ - 1: o
+ + 1: i
+ - 2: l
+ + 2: m
+ - 3: l
+ + 3: e
+     4: o
+ - 5: w
+ + 5: u
+ - 6: :
+ + 6: t
+ - 7:  
+ + 7: :
+ - 8: f
+ + 8:  
+ - 9: a
+ + 9: 2
+ - 10: l
+ + 10: 0
+ - 11: s
+ + 11: 
+
+ - 12: e
+ + 12: v
+ - 13: 
+
+ + 13: e
+ - 14: h
+ + 14: r
+ - 15: o
+ + 15: b
+ - 16: s
+ + 16: o
+ - 17: t
+ + 17: s
+ - 18: :
+ + 18: e
+ - 19:  
+ + 19: :
+ - 20: h
+ + 20:  
+ - 21: e
+ + 21: t
+ - 22: x
+ + 22: r
+ - 23: l
+ + 23: u
+     24: e
+ - 25: t
+ + 25: 
+
+ - 26: .
+ + 26: 
+
+ }
    at toBe (/Users/samburtman/frontend-project-46/__tests__/gendiff.test.js:52:16)
    at call (/Users/samburtman/frontend-project-46/__tests__/gendiff.test.js:2:1)
    at Generator.tryCatch (/Users/samburtman/frontend-project-46/__tests__/gendiff.test.js:2:1)
    at Generator._invoke [as next] (/Users/samburtman/frontend-project-46/__tests__/gendiff.test.js:2:1)
    at asyncGeneratorStep (/Users/samburtman/frontend-project-46/__tests__/gendiff.test.js:2:1)
    at asyncGeneratorStep (/Users/samburtman/frontend-project-46/__tests__/gendiff.test.js:2:1)
    at processTicksAndRejections (node:internal/process/task_queues:95:5)</failure>
    </testcase>
    <testcase classname=" Compare flat YAML files (plain format)" name=" Compare flat YAML files (plain format)" time="0.008">
      <failure>Error: expect(received).toBe(expected) // Object.is equality

- Expected  -  6
+ Received  + 97

- Property &apos;common.setting1&apos; was updated. From &apos;Value 1&apos; to &apos;value1&apos;
- Property &apos;common.setting2&apos; was added with value: 200
- Property &apos;common.setting3&apos; was removed
- Property &apos;common.setting5&apos; was removed
- Property &apos;common.setting4&apos; was added with value: &apos;blah blah&apos;
- Property &apos;common.setting6.doge.ops&apos; was added with value: &apos;vops&apos;
+ {
+   - 27: i
+   - 28: o
+   - 29: 
+
+   - 30: p
+   - 31: r
+   - 32: o
+   - 33: x
+   - 34: y
+   - 35: :
+   - 36:  
+   - 37: 1
+   - 38: 2
+   - 39: 3
+   - 40: .
+   - 41: 2
+   - 42: 3
+   - 43: 4
+   - 44: .
+   - 45: 5
+   - 46: 3
+   - 47: .
+   - 48: 2
+   - 49: 2
+   - 50: 
+
+   - 51: t
+   - 52: i
+   - 53: m
+   - 54: e
+   - 55: o
+   - 56: u
+   - 57: t
+   - 58: :
+   - 59:  
+   - 60: 5
+   - 61: 0
+   - 62: 
+
+   - 63: 
+
+ - 0: f
+ + 0: t
+ - 1: o
+ + 1: i
+ - 2: l
+ + 2: m
+ - 3: l
+ + 3: e
+     4: o
+ - 5: w
+ + 5: u
+ - 6: :
+ + 6: t
+ - 7:  
+ + 7: :
+ - 8: f
+ + 8:  
+ - 9: a
+ + 9: 2
+ - 10: l
+ + 10: 0
+ - 11: s
+ + 11: 
+
+ - 12: e
+ + 12: v
+ - 13: 
+
+ + 13: e
+ - 14: h
+ + 14: r
+ - 15: o
+ + 15: b
+ - 16: s
+ + 16: o
+ - 17: t
+ + 17: s
+ - 18: :
+ + 18: e
+ - 19:  
+ + 19: :
+ - 20: h
+ + 20:  
+ - 21: e
+ + 21: t
+ - 22: x
+ + 22: r
+ - 23: l
+ + 23: u
+     24: e
+ - 25: t
+ + 25: 

+ - 26: .
+ + 26: 

+ }
    at toBe (/Users/samburtman/frontend-project-46/__tests__/gendiff.test.js:60:16)
    at call (/Users/samburtman/frontend-project-46/__tests__/gendiff.test.js:2:1)
    at Generator.tryCatch (/Users/samburtman/frontend-project-46/__tests__/gendiff.test.js:2:1)
    at Generator._invoke [as next] (/Users/samburtman/frontend-project-46/__tests__/gendiff.test.js:2:1)
    at asyncGeneratorStep (/Users/samburtman/frontend-project-46/__tests__/gendiff.test.js:2:1)
    at asyncGeneratorStep (/Users/samburtman/frontend-project-46/__tests__/gendiff.test.js:2:1)
    at processTicksAndRejections (node:internal/process/task_queues:95:5)</failure>
    </testcase>
    <testcase classname=" Compare flat YAML files (json format)" name=" Compare flat YAML files (json format)" time="0.001">
      <failure>Error: expect(received).toEqual(expected) // deep equality

Expected: {&quot;common&quot;: {&quot;setting1&quot;: {&quot;type&quot;: &quot;updated&quot;, &quot;value&quot;: {&quot;newValue&quot;: &quot;value1&quot;, &quot;oldValue&quot;: &quot;Value 1&quot;}}, &quot;setting2&quot;: {&quot;type&quot;: &quot;added&quot;, &quot;value&quot;: 200}, &quot;setting3&quot;: {&quot;type&quot;: &quot;removed&quot;, &quot;value&quot;: &quot;complexValue&quot;}, &quot;setting4&quot;: {&quot;type&quot;: &quot;added&quot;, &quot;value&quot;: &quot;blah blah&quot;}, &quot;setting5&quot;: {&quot;type&quot;: &quot;removed&quot;, &quot;value&quot;: {&quot;key&quot;: &quot;value&quot;}}, &quot;setting6&quot;: {&quot;children&quot;: {&quot;doge&quot;: {&quot;type&quot;: &quot;added&quot;, &quot;value&quot;: {&quot;ops&quot;: &quot;vops&quot;}}, &quot;key&quot;: {&quot;type&quot;: &quot;unchanged&quot;, &quot;value&quot;: &quot;value&quot;}}, &quot;type&quot;: &quot;nested&quot;}}}
Received: &quot;{
  - 27: i
  - 28: o
  - 29:··
  - 30: p
  - 31: r
  - 32: o
  - 33: x
  - 34: y
  - 35: :
  - 36:··
  - 37: 1
  - 38: 2
  - 39: 3
  - 40: .
  - 41: 2
  - 42: 3
  - 43: 4
  - 44: .
  - 45: 5
  - 46: 3
  - 47: .
  - 48: 2
  - 49: 2
  - 50:··
  - 51: t
  - 52: i
  - 53: m
  - 54: e
  - 55: o
  - 56: u
  - 57: t
  - 58: :
  - 59:··
  - 60: 5
  - 61: 0
  - 62:··
  - 63:··
- 0: f
+ 0: t
- 1: o
+ 1: i
- 2: l
+ 2: m
- 3: l
+ 3: e
    4: o
- 5: w
+ 5: u
- 6: :
+ 6: t
- 7:··
+ 7: :
- 8: f
+ 8:··
- 9: a
+ 9: 2
- 10: l
+ 10: 0
- 11: s
+ 11:··
- 12: e
+ 12: v
- 13:··
+ 13: e
- 14: h
+ 14: r
- 15: o
+ 15: b
- 16: s
+ 16: o
- 17: t
+ 17: s
- 18: :
+ 18: e
- 19:··
+ 19: :
- 20: h
+ 20:··
- 21: e
+ 21: t
- 22: x
+ 22: r
- 23: l
+ 23: u
    24: e
- 25: t
+ 25:··
- 26: .
+ 26:··
}&quot;
    at toEqual (/Users/samburtman/frontend-project-46/__tests__/gendiff.test.js:68:16)
    at call (/Users/samburtman/frontend-project-46/__tests__/gendiff.test.js:2:1)
    at Generator.tryCatch (/Users/samburtman/frontend-project-46/__tests__/gendiff.test.js:2:1)
    at Generator._invoke [as next] (/Users/samburtman/frontend-project-46/__tests__/gendiff.test.js:2:1)
    at asyncGeneratorStep (/Users/samburtman/frontend-project-46/__tests__/gendiff.test.js:2:1)
    at asyncGeneratorStep (/Users/samburtman/frontend-project-46/__tests__/gendiff.test.js:2:1)
    at processTicksAndRejections (node:internal/process/task_queues:95:5)</failure>
    </testcase>
  </testsuite>
</testsuites>